	Command being timed: "velvetg /home/ntran2/bgmp/Bi621/PS6/49_kmer_size_velvet -cov_cutoff auto -min_contig_lgth 500"
	User time (seconds): 49.68
	System time (seconds): 0.88
	Percent of CPU this job got: 242%
	Elapsed (wall clock) time (h:mm:ss or m:ss): 0:20.86
	Average shared text size (kbytes): 0
	Average unshared data size (kbytes): 0
	Average stack size (kbytes): 0
	Average total size (kbytes): 0
	Maximum resident set size (kbytes): 482304
	Average resident set size (kbytes): 0
	Major (requiring I/O) page faults: 0
	Minor (reclaiming a frame) page faults: 324215
	Voluntary context switches: 183
	Involuntary context switches: 72
	Swaps: 0
	File system inputs: 0
	File system outputs: 0
	Socket messages sent: 0
	Socket messages received: 0
	Signals delivered: 0
	Page size (bytes): 4096
	Exit status: 0
