	Command being timed: "velvetg /home/ntran2/bgmp/Bi621/PS6/31_kmer_size_velvet"
	User time (seconds): 74.93
	System time (seconds): 0.78
	Percent of CPU this job got: 285%
	Elapsed (wall clock) time (h:mm:ss or m:ss): 0:26.55
	Average shared text size (kbytes): 0
	Average unshared data size (kbytes): 0
	Average stack size (kbytes): 0
	Average total size (kbytes): 0
	Maximum resident set size (kbytes): 498516
	Average resident set size (kbytes): 0
	Major (requiring I/O) page faults: 0
	Minor (reclaiming a frame) page faults: 288381
	Voluntary context switches: 431
	Involuntary context switches: 65
	Swaps: 0
	File system inputs: 0
	File system outputs: 0
	Socket messages sent: 0
	Socket messages received: 0
	Signals delivered: 0
	Page size (bytes): 4096
	Exit status: 0
	Command being timed: "velvetg /home/ntran2/bgmp/Bi621/PS6/41_kmer_size_velvet"
	User time (seconds): 57.64
	System time (seconds): 0.72
	Percent of CPU this job got: 266%
	Elapsed (wall clock) time (h:mm:ss or m:ss): 0:21.86
	Average shared text size (kbytes): 0
	Average unshared data size (kbytes): 0
	Average stack size (kbytes): 0
	Average total size (kbytes): 0
	Maximum resident set size (kbytes): 483436
	Average resident set size (kbytes): 0
	Major (requiring I/O) page faults: 0
	Minor (reclaiming a frame) page faults: 170258
	Voluntary context switches: 195
	Involuntary context switches: 52
	Swaps: 0
	File system inputs: 0
	File system outputs: 0
	Socket messages sent: 0
	Socket messages received: 0
	Signals delivered: 0
	Page size (bytes): 4096
	Exit status: 0
	Command being timed: "velvetg /home/ntran2/bgmp/Bi621/PS6/49_kmer_size_velvet"
	User time (seconds): 45.82
	System time (seconds): 0.68
	Percent of CPU this job got: 246%
	Elapsed (wall clock) time (h:mm:ss or m:ss): 0:18.86
	Average shared text size (kbytes): 0
	Average unshared data size (kbytes): 0
	Average stack size (kbytes): 0
	Average total size (kbytes): 0
	Maximum resident set size (kbytes): 482052
	Average resident set size (kbytes): 0
	Major (requiring I/O) page faults: 0
	Minor (reclaiming a frame) page faults: 137590
	Voluntary context switches: 204
	Involuntary context switches: 42
	Swaps: 0
	File system inputs: 0
	File system outputs: 0
	Socket messages sent: 0
	Socket messages received: 0
	Signals delivered: 0
	Page size (bytes): 4096
	Exit status: 0
