	Command being timed: "velveth /home/ntran2/bgmp/Bi621/PS6/31_kmer_size_velvet 31 -separate -fastq -shortPaired /home/ntran2/bgmp/Bi621/PS6/800_3_PE5_interleaved.fq_1 /home/ntran2/bgmp/Bi621/PS6/800_3_PE5_interleaved.fq_2 -short /home/ntran2/bgmp/Bi621/PS6/800_3_PE5_interleaved.fq.unmatched"
	User time (seconds): 45.54
	System time (seconds): 1.26
	Percent of CPU this job got: 326%
	Elapsed (wall clock) time (h:mm:ss or m:ss): 0:14.32
	Average shared text size (kbytes): 0
	Average unshared data size (kbytes): 0
	Average stack size (kbytes): 0
	Average total size (kbytes): 0
	Maximum resident set size (kbytes): 1098656
	Average resident set size (kbytes): 0
	Major (requiring I/O) page faults: 0
	Minor (reclaiming a frame) page faults: 344786
	Voluntary context switches: 939
	Involuntary context switches: 396
	Swaps: 0
	File system inputs: 0
	File system outputs: 0
	Socket messages sent: 0
	Socket messages received: 0
	Signals delivered: 0
	Page size (bytes): 4096
	Exit status: 0
	Command being timed: "velveth /home/ntran2/bgmp/Bi621/PS6/41_kmer_size_velvet 41 -separate -fastq -shortPaired /home/ntran2/bgmp/Bi621/PS6/800_3_PE5_interleaved.fq_1 /home/ntran2/bgmp/Bi621/PS6/800_3_PE5_interleaved.fq_2 -short /home/ntran2/bgmp/Bi621/PS6/800_3_PE5_interleaved.fq.unmatched"
	User time (seconds): 53.35
	System time (seconds): 1.22
	Percent of CPU this job got: 335%
	Elapsed (wall clock) time (h:mm:ss or m:ss): 0:16.27
	Average shared text size (kbytes): 0
	Average unshared data size (kbytes): 0
	Average stack size (kbytes): 0
	Average total size (kbytes): 0
	Maximum resident set size (kbytes): 1030524
	Average resident set size (kbytes): 0
	Major (requiring I/O) page faults: 0
	Minor (reclaiming a frame) page faults: 409729
	Voluntary context switches: 604
	Involuntary context switches: 447
	Swaps: 0
	File system inputs: 0
	File system outputs: 0
	Socket messages sent: 0
	Socket messages received: 0
	Signals delivered: 0
	Page size (bytes): 4096
	Exit status: 0
	Command being timed: "velveth /home/ntran2/bgmp/Bi621/PS6/49_kmer_size_velvet 49 -separate -fastq -shortPaired /home/ntran2/bgmp/Bi621/PS6/800_3_PE5_interleaved.fq_1 /home/ntran2/bgmp/Bi621/PS6/800_3_PE5_interleaved.fq_2 -short /home/ntran2/bgmp/Bi621/PS6/800_3_PE5_interleaved.fq.unmatched"
	User time (seconds): 35.29
	System time (seconds): 1.10
	Percent of CPU this job got: 291%
	Elapsed (wall clock) time (h:mm:ss or m:ss): 0:12.49
	Average shared text size (kbytes): 0
	Average unshared data size (kbytes): 0
	Average stack size (kbytes): 0
	Average total size (kbytes): 0
	Maximum resident set size (kbytes): 1054860
	Average resident set size (kbytes): 0
	Major (requiring I/O) page faults: 0
	Minor (reclaiming a frame) page faults: 326768
	Voluntary context switches: 758
	Involuntary context switches: 312
	Swaps: 0
	File system inputs: 0
	File system outputs: 0
	Socket messages sent: 0
	Socket messages received: 0
	Signals delivered: 0
	Page size (bytes): 4096
	Exit status: 0
